Performing C SOURCE FILE Test CMAKE_HAVE_LIBC_PTHREAD failed with the following output:
Change Dir: /home/robot/ws_moveit/build/CMakeFiles/CMakeTmp

Run Build Command(s):/usr/bin/make cmTC_b513d/fast && /usr/bin/make -f CMakeFiles/cmTC_b513d.dir/build.make CMakeFiles/cmTC_b513d.dir/build
make[1]: Entering directory '/home/robot/ws_moveit/build/CMakeFiles/CMakeTmp'
Building C object CMakeFiles/cmTC_b513d.dir/src.c.o
/usr/lib/ccache/cc   -DCMAKE_HAVE_LIBC_PTHREAD   -o CMakeFiles/cmTC_b513d.dir/src.c.o   -c /home/robot/ws_moveit/build/CMakeFiles/CMakeTmp/src.c
Linking C executable cmTC_b513d
/usr/bin/cmake -E cmake_link_script CMakeFiles/cmTC_b513d.dir/link.txt --verbose=1
/usr/lib/ccache/cc  -DCMAKE_HAVE_LIBC_PTHREAD    -rdynamic CMakeFiles/cmTC_b513d.dir/src.c.o  -o cmTC_b513d 
/usr/bin/ld: CMakeFiles/cmTC_b513d.dir/src.c.o: in function `main':
src.c:(.text+0x46): undefined reference to `pthread_create'
/usr/bin/ld: src.c:(.text+0x52): undefined reference to `pthread_detach'
/usr/bin/ld: src.c:(.text+0x63): undefined reference to `pthread_join'
collect2: error: ld returned 1 exit status
make[1]: *** [CMakeFiles/cmTC_b513d.dir/build.make:87: cmTC_b513d] Error 1
make[1]: Leaving directory '/home/robot/ws_moveit/build/CMakeFiles/CMakeTmp'
make: *** [Makefile:121: cmTC_b513d/fast] Error 2


Source file was:
#include <pthread.h>

void* test_func(void* data)
{
  return data;
}

int main(void)
{
  pthread_t thread;
  pthread_create(&thread, NULL, test_func, NULL);
  pthread_detach(thread);
  pthread_join(thread, NULL);
  pthread_atfork(NULL, NULL, NULL);
  pthread_exit(NULL);

  return 0;
}

Determining if the function pthread_create exists in the pthreads failed with the following output:
Change Dir: /home/robot/ws_moveit/build/CMakeFiles/CMakeTmp

Run Build Command(s):/usr/bin/make cmTC_a7d4d/fast && /usr/bin/make -f CMakeFiles/cmTC_a7d4d.dir/build.make CMakeFiles/cmTC_a7d4d.dir/build
make[1]: Entering directory '/home/robot/ws_moveit/build/CMakeFiles/CMakeTmp'
Building C object CMakeFiles/cmTC_a7d4d.dir/CheckFunctionExists.c.o
/usr/lib/ccache/cc   -DCHECK_FUNCTION_EXISTS=pthread_create   -o CMakeFiles/cmTC_a7d4d.dir/CheckFunctionExists.c.o   -c /usr/share/cmake-3.16/Modules/CheckFunctionExists.c
Linking C executable cmTC_a7d4d
/usr/bin/cmake -E cmake_link_script CMakeFiles/cmTC_a7d4d.dir/link.txt --verbose=1
/usr/lib/ccache/cc  -DCHECK_FUNCTION_EXISTS=pthread_create    -rdynamic CMakeFiles/cmTC_a7d4d.dir/CheckFunctionExists.c.o  -o cmTC_a7d4d  -lpthreads 
/usr/bin/ld: cannot find -lpthreads
collect2: error: ld returned 1 exit status
make[1]: *** [CMakeFiles/cmTC_a7d4d.dir/build.make:87: cmTC_a7d4d] Error 1
make[1]: Leaving directory '/home/robot/ws_moveit/build/CMakeFiles/CMakeTmp'
make: *** [Makefile:121: cmTC_a7d4d/fast] Error 2



Determining if the function sgemm_ exists failed with the following output:
Change Dir: /home/robot/ws_moveit/build/CMakeFiles/CMakeTmp

Run Build Command(s):/usr/bin/make cmTC_88463/fast && /usr/bin/make -f CMakeFiles/cmTC_88463.dir/build.make CMakeFiles/cmTC_88463.dir/build
make[1]: Entering directory '/home/robot/ws_moveit/build/CMakeFiles/CMakeTmp'
Building C object CMakeFiles/cmTC_88463.dir/CheckFunctionExists.c.o
/usr/lib/ccache/cc   -DCHECK_FUNCTION_EXISTS=sgemm_   -o CMakeFiles/cmTC_88463.dir/CheckFunctionExists.c.o   -c /usr/share/cmake-3.16/Modules/CheckFunctionExists.c
Linking C executable cmTC_88463
/usr/bin/cmake -E cmake_link_script CMakeFiles/cmTC_88463.dir/link.txt --verbose=1
/usr/lib/ccache/cc  -DCHECK_FUNCTION_EXISTS=sgemm_    -rdynamic CMakeFiles/cmTC_88463.dir/CheckFunctionExists.c.o  -o cmTC_88463 
/usr/bin/ld: CMakeFiles/cmTC_88463.dir/CheckFunctionExists.c.o: in function `main':
CheckFunctionExists.c:(.text+0x14): undefined reference to `sgemm_'
collect2: error: ld returned 1 exit status
make[1]: *** [CMakeFiles/cmTC_88463.dir/build.make:87: cmTC_88463] Error 1
make[1]: Leaving directory '/home/robot/ws_moveit/build/CMakeFiles/CMakeTmp'
make: *** [Makefile:121: cmTC_88463/fast] Error 2



Determining if the function cheev_ exists failed with the following output:
Change Dir: /home/robot/ws_moveit/build/CMakeFiles/CMakeTmp

Run Build Command(s):/usr/bin/make cmTC_b6cee/fast && /usr/bin/make -f CMakeFiles/cmTC_b6cee.dir/build.make CMakeFiles/cmTC_b6cee.dir/build
make[1]: Entering directory '/home/robot/ws_moveit/build/CMakeFiles/CMakeTmp'
Building C object CMakeFiles/cmTC_b6cee.dir/CheckFunctionExists.c.o
/usr/lib/ccache/cc   -DCHECK_FUNCTION_EXISTS=cheev_   -o CMakeFiles/cmTC_b6cee.dir/CheckFunctionExists.c.o   -c /usr/share/cmake-3.16/Modules/CheckFunctionExists.c
Linking C executable cmTC_b6cee
/usr/bin/cmake -E cmake_link_script CMakeFiles/cmTC_b6cee.dir/link.txt --verbose=1
/usr/lib/ccache/cc  -DCHECK_FUNCTION_EXISTS=cheev_    -rdynamic CMakeFiles/cmTC_b6cee.dir/CheckFunctionExists.c.o  -o cmTC_b6cee  /usr/lib/x86_64-linux-gnu/libblas.so 
/usr/bin/ld: CMakeFiles/cmTC_b6cee.dir/CheckFunctionExists.c.o: in function `main':
CheckFunctionExists.c:(.text+0x14): undefined reference to `cheev_'
collect2: error: ld returned 1 exit status
make[1]: *** [CMakeFiles/cmTC_b6cee.dir/build.make:88: cmTC_b6cee] Error 1
make[1]: Leaving directory '/home/robot/ws_moveit/build/CMakeFiles/CMakeTmp'
make: *** [Makefile:121: cmTC_b6cee/fast] Error 2



